<html>
<head>
<title>TestNG:  Testng_all.xml</title>
<link href="../testng.css" rel="stylesheet" type="text/css" />
<link href="../my-testng.css" rel="stylesheet" type="text/css" />

<style type="text/css">
.log { display: none;} 
.stack-trace { display: none;} 
</style>
<script type="text/javascript">
<!--
function flip(e) {
  current = e.style.display;
  if (current == 'block') {
    e.style.display = 'none';
    return 0;
  }
  else {
    e.style.display = 'block';
    return 1;
  }
}

function toggleBox(szDivId, elem, msg1, msg2)
{
  var res = -1;  if (document.getElementById) {
    res = flip(document.getElementById(szDivId));
  }
  else if (document.all) {
    // this is the way old msie versions work
    res = flip(document.all[szDivId]);
  }
  if(elem) {
    if(res == 0) elem.innerHTML = msg1; else elem.innerHTML = msg2;
  }

}

function toggleAllBoxes() {
  if (document.getElementsByTagName) {
    d = document.getElementsByTagName('div');
    for (i = 0; i < d.length; i++) {
      if (d[i].className == 'log') {
        flip(d[i]);
      }
    }
  }
}

// -->
</script>

</head>
<body>
<h2 align='center'>Testng_all.xml</h2><table border='1' align="center">
<tr>
<td>Tests passed/Failed/Skipped:</td><td>9/1/0</td>
</tr><tr>
<td>Started on:</td><td>Wed Oct 28 16:15:00 IST 2020</td>
</tr>
<tr><td>Total time:</td><td>286 seconds (286258 ms)</td>
</tr><tr>
<td>Included groups:</td><td></td>
</tr><tr>
<td>Excluded groups:</td><td></td>
</tr>
</table><p/>
<small><i>(Hover the method name to see the test class name)</i></small><p/>
<table width='100%' border='1' class='invocation-failed'>
<tr><td colspan='4' align='center'><b>FAILED TESTS</b></td></tr>
<tr><td><b>Test method</b></td>
<td width="30%"><b>Exception</b></td>
<td width="10%"><b>Time (seconds)</b></td>
<td><b>Instance</b></td>
</tr>
<tr>
<td title='com.mystore.testcases.LoginPageTest.loginTest()'><b>loginTest</b><br>Test class: com.mystore.testcases.LoginPageTest<br>Parameters: admin@xyz.com, admin@123</td>
<td><div><pre>java.lang.AssertionError: expected:&lt;http://automationpractice.com/index.php?controller=my-account&gt; but was:&lt;http://automationpractice.com/index.php?controller=authentication&gt;
	at com.mystore.testcases.LoginPageTest.loginTest(LoginPageTest.java:56)
	at java.util.ArrayList.forEach(ArrayList.java:1257)
... Removed 29 stack frames</pre></div><a href='#' onClick='toggleBox("stack-trace2062667107", this, "Click to show all stack frames", "Click to hide stack frames")'>Click to show all stack frames</a>
<div class='stack-trace' id='stack-trace2062667107'><pre>java.lang.AssertionError: expected:&lt;http://automationpractice.com/index.php?controller=my-account&gt; but was:&lt;http://automationpractice.com/index.php?controller=authentication&gt;
	at org.testng.AssertJUnit.assertEquals(AssertJUnit.java:82)
	at org.testng.AssertJUnit.assertEquals(AssertJUnit.java:87)
	at com.mystore.testcases.LoginPageTest.loginTest(LoginPageTest.java:56)
	at sun.reflect.NativeMethodAccessorImpl.invoke0(Native Method)
	at sun.reflect.NativeMethodAccessorImpl.invoke(NativeMethodAccessorImpl.java:62)
	at sun.reflect.DelegatingMethodAccessorImpl.invoke(DelegatingMethodAccessorImpl.java:43)
	at java.lang.reflect.Method.invoke(Method.java:498)
	at org.testng.internal.MethodInvocationHelper.invokeMethod(MethodInvocationHelper.java:134)
	at org.testng.internal.TestInvoker.invokeMethod(TestInvoker.java:597)
	at org.testng.internal.TestInvoker.invokeTestMethod(TestInvoker.java:173)
	at org.testng.internal.MethodRunner.runInSequence(MethodRunner.java:46)
	at org.testng.internal.TestInvoker$MethodInvocationAgent.invoke(TestInvoker.java:816)
	at org.testng.internal.TestInvoker.invokeTestMethods(TestInvoker.java:146)
	at org.testng.internal.TestMethodWorker.invokeTestMethods(TestMethodWorker.java:146)
	at org.testng.internal.TestMethodWorker.run(TestMethodWorker.java:128)
	at java.util.ArrayList.forEach(ArrayList.java:1257)
	at org.testng.TestRunner.privateRun(TestRunner.java:766)
	at org.testng.TestRunner.run(TestRunner.java:587)
	at org.testng.SuiteRunner.runTest(SuiteRunner.java:384)
	at org.testng.SuiteRunner.runSequentially(SuiteRunner.java:378)
	at org.testng.SuiteRunner.privateRun(SuiteRunner.java:337)
	at org.testng.SuiteRunner.run(SuiteRunner.java:286)
	at org.testng.SuiteRunnerWorker.runSuite(SuiteRunnerWorker.java:53)
	at org.testng.SuiteRunnerWorker.run(SuiteRunnerWorker.java:96)
	at org.testng.TestNG.runSuitesSequentially(TestNG.java:1187)
	at org.testng.TestNG.runSuitesLocally(TestNG.java:1109)
	at org.testng.TestNG.runSuites(TestNG.java:1039)
	at org.testng.TestNG.run(TestNG.java:1007)
	at org.testng.remote.AbstractRemoteTestNG.run(AbstractRemoteTestNG.java:115)
	at org.testng.remote.RemoteTestNG.initAndRun(RemoteTestNG.java:251)
	at org.testng.remote.RemoteTestNG.main(RemoteTestNG.java:77)
</pre></div></td>
<td>5</td>
<td>com.mystore.testcases.LoginPageTest@bd8db5a</td></tr>
</table><p>
<table width='100%' border='1' class='invocation-passed'>
<tr><td colspan='4' align='center'><b>PASSED TESTS</b></td></tr>
<tr><td><b>Test method</b></td>
<td width="30%"><b>Exception</b></td>
<td width="10%"><b>Time (seconds)</b></td>
<td><b>Instance</b></td>
</tr>
<tr>
<td title='com.mystore.testcases.EndToEndTest.EndToEndTest1()'><b>EndToEndTest1</b><br>Test class: com.mystore.testcases.EndToEndTest</td>
<td></td>
<td>71</td>
<td>com.mystore.testcases.EndToEndTest@2f943d71</td></tr>
<tr>
<td title='com.mystore.testcases.AddToCartPageTest.addToCartTest()'><b>addToCartTest</b><br>Test class: com.mystore.testcases.AddToCartPageTest</td>
<td></td>
<td>9</td>
<td>com.mystore.testcases.AddToCartPageTest@2a556333</td></tr>
<tr>
<td title='com.mystore.testcases.HomePageTest.orderHistoryAndDetailsTest()'><b>orderHistoryAndDetailsTest</b><br>Test class: com.mystore.testcases.HomePageTest</td>
<td></td>
<td>6</td>
<td>com.mystore.testcases.HomePageTest@86be70a</td></tr>
<tr>
<td title='com.mystore.testcases.SearchPageResultPageTest.productAvailablityTest()'><b>productAvailablityTest</b><br>Test class: com.mystore.testcases.SearchPageResultPageTest</td>
<td></td>
<td>2</td>
<td>com.mystore.testcases.SearchPageResultPageTest@80503</td></tr>
<tr>
<td title='com.mystore.testcases.AccountCreationPageTest.verifyCreateAccountPageTest()'><b>verifyCreateAccountPageTest</b><br>Test class: com.mystore.testcases.AccountCreationPageTest</td>
<td></td>
<td>7</td>
<td>com.mystore.testcases.AccountCreationPageTest@4b553d26</td></tr>
<tr>
<td title='com.mystore.testcases.IndexPageTest.verifyLogo()'><b>verifyLogo</b><br>Test class: com.mystore.testcases.IndexPageTest</td>
<td></td>
<td>0</td>
<td>com.mystore.testcases.IndexPageTest@69a3d1d</td></tr>
<tr>
<td title='com.mystore.testcases.IndexPageTest.verifyTitle()'><b>verifyTitle</b><br>Test class: com.mystore.testcases.IndexPageTest</td>
<td></td>
<td>0</td>
<td>com.mystore.testcases.IndexPageTest@69a3d1d</td></tr>
<tr>
<td title='com.mystore.testcases.OrderPageTest.verifyTotalPrice()'><b>verifyTotalPrice</b><br>Test class: com.mystore.testcases.OrderPageTest</td>
<td></td>
<td>54</td>
<td>com.mystore.testcases.OrderPageTest@480bdb19</td></tr>
<tr>
<td title='com.mystore.testcases.HomePageTest.wishListTest()'><b>wishListTest</b><br>Test class: com.mystore.testcases.HomePageTest</td>
<td></td>
<td>6</td>
<td>com.mystore.testcases.HomePageTest@86be70a</td></tr>
</table><p>
</body>
</html>